 Signal from MULPLT zoom s. trace mode
  Number of points: 456
  2.
  2.
  1.
  1.
  1.
  1.
  1.
  1.
  1.
  2.
  2.
  3.
  3.
  4.
  4.
  4.
  3.
  2.
  1.
  1.
  0.
  0.
  0.
  1.
  1.
  1.
  0.
  0.
  1.
  2.
  2.
  2.
  2.
  3.
  3.
  3.
  2.
  1.
  1.
  0.
  0.
  0.
  1.
  2.
  3.
  3.
  3.
  3.
  3.
  3.
  3.
  3.
  2.
  1.
  1.
  2.
  2.
  2.
  1.
  1.
  2.
  2.
  2.
  2.
  2.
  2.
  2.
  3.
  3.
  3.
  3.
  3.
  2.
  2.
  3.
  3.
  2.
  1.
  0.
  0.
  0.
 -1.
  0.
  0.
  1.
  2.
  4.
  4.
  4.
  5.
  6.
  6.
  6.
  5.
  3.
  2.
  1.
  1.
  0.
  0.
  0.
  0.
  1.
  1.
  2.
  3.
  4.
  5.
  5.
  4.
  3.
  2.
  2.
  2.
  3.
  3.
  3.
  3.
  3.
  4.
  3.
  3.
  2.
  2.
  2.
  2.
  2.
  2.
  2.
  3.
  4.
  4.
  4.
  4.
  3.
  3.
  2.
  2.
  2.
  2.
  2.
  3.
  3.
  3.
  2.
  1.
  1.
  1.
  1.
  1.
  0.
  0.
  0.
  1.
  2.
  2.
  3.
  4.
  4.
  4.
  4.
  4.
  4.
  4.
  4.
  3.
  1.
  1.
  0.
  1.
  1.
  1.
  1.
  1.
  2.
  3.
  3.
  2.
  1.
  1.
  1.
  1.
  2.
  2.
  2.
  2.
  2.
  2.
  3.
  3.
  3.
  2.
  2.
  2.
  4.
  5.
  5.
  4.
  3.
  2.
  2.
  2.
  2.
  2.
  3.
  3.
  3.
  3.
  2.
  2.
  2.
  2.
  2.
  3.
  4.
  4.
  6.
  18.
  44.
  30.
 -33.
 -22.
  14.
 -12.
 -14.
 -9.
  3.
  15.
 -42.
 -27.
  36.
  25.
  32.
  52.
  23.
 -9.
  2.
  15.
 -41.
 -76.
 -10.
  30.
 -57.
 -128.
 -88.
  83.
  282.
  223.
 -63.
 -270.
 -234.
 -2.
  231.
  273.
  89.
 -72.
 -67.
 -93.
 -147.
 -62.
  64.
  62.
 -4.
 -19.
  75.
  124.
 -3.
 -111.
 -80.
 -8.
  47.
  59.
  46.
  38.
 -14.
 -55.
 -41.
  20.
  54.
  15.
 -18.
 -42.
 -55.
 -73.
 -67.
  2.
  72.
  92.
  135.
  95.
 -67.
 -135.
 -60.
  31.
  80.
  43.
 -37.
 -40.
 -5.
  28.
  20.
 -36.
 -34.
  44.
  70.
 -5.
 -60.
 -56.
 -14.
  29.
  18.
  13.
  34.
  27.
  20.
  5.
 -34.
 -53.
 -40.
  10.
  62.
  49.
 -2.
 -35.
 -22.
  5.
  16.
  17.
  23.
  25.
  25.
  37.
  45.
 -3.
 -79.
 -90.
 -47.
 -3.
  27.
  34.
  27.
  5.
 -24.
 -30.
 -5.
  37.
  64.
  59.
  42.
  11.
 -19.
 -34.
 -27.
 -14.
 -20.
 -31.
 -28.
 -12.
  9.
  32.
  45.
  34.
  16.
  13.
 -3.
 -34.
 -45.
 -29.
  0.
  34.
  67.
  71.
  48.
  6.
 -36.
 -64.
 -66.
 -37.
  1.
  28.
  44.
  28.
 -8.
 -23.
 -4.
  31.
  41.
  27.
  12.
 -7.
 -28.
 -28.
 -9.
 -3.
 -4.
  4.
  10.
  2.
  1.
  15.
  28.
  20.
  1.
 -14.
 -25.
 -18.
  7.
  28.
  32.
  17.
  2.
  2.
  7.
 -3.
 -33.
 -49.
 -30.
  11.
  45.
  46.
  21.
 -2.
 -5.
  2.
  7.
  2.
 -11.
 -15.
 -2.
  14.
  12.
 -2.
 -16.
 -18.
  3.
  30.
  38.
  27.
  8.
 -9.
 -23.
 -28.
 -23.
 -11.
  3.
  11.
  10.
  5.
  5.
  8.
  13.
  18.
  19.
  13.
 -1.
 -15.
