 Signal from MULPLT zoom s. trace mode
  Number of points: 478
  8.
 -18.
 -38.
 -31.
  3.
  40.
  55.
  37.
 -3.
 -37.
 -38.
 -9.
  26.
  45.
  32.
 -5.
 -32.
 -30.
 -12.
 -3.
 -9.
 -11.
  7.
  41.
  70.
  72.
  38.
 -15.
 -60.
 -74.
 -51.
 -14.
  10.
  11.
 -3.
 -13.
 -6.
  16.
  30.
  26.
  10.
 -1.
  4.
  26.
  46.
  40.
  0.
 -54.
 -91.
 -83.
 -36.
  18.
  46.
  47.
  43.
  49.
  57.
  53.
  31.
  5.
 -10.
 -12.
 -12.
 -11.
 -1.
  13.
  15.
 -5.
 -39.
 -64.
 -64.
 -41.
 -12.
  9.
  14.
  10.
  15.
  31.
  42.
  35.
  11.
 -10.
 -10.
  15.
  42.
  39.
 -1.
 -48.
 -61.
 -26.
  31.
  65.
  58.
  25.
 -2.
 -13.
 -11.
 -7.
 -10.
 -19.
 -24.
 -21.
 -7.
  11.
  19.
  7.
 -6.
  2.
  22.
  29.
  17.
 -4.
 -31.
 -55.
 -58.
 -32.
  13.
  63.
  96.
  90.
  52.
  6.
 -21.
 -18.
  5.
  17.
 -5.
 -43.
 -61.
 -46.
 -18.
  1.
 -1.
 -18.
 -32.
 -30.
 -11.
  14.
  29.
  30.
  23.
  21.
  19.
 -1.
 -50.
 -101.
 -113.
 -64.
  41.
  171.
  267.
  260.
  138.
 -31.
 -147.
 -140.
 -15.
  128.
  137.
 -50.
 -322.
 -469.
 -351.
 -10.
  354.
  520.
  406.
  122.
 -141.
 -260.
 -234.
 -118.
  21.
  102.
  82.
  12.
 -15.
  22.
  35.
 -46.
 -170.
 -225.
 -162.
 -8.
  159.
  266.
  310.
  306.
  213.
  16.
 -172.
 -213.
 -101.
  46.
  82.
 -35.
 -198.
 -267.
 -222.
 -144.
 -67.
  38.
  175.
  304.
  380.
  381.
  278.
  59.
 -214.
 -410.
 -415.
 -235.
 -26.
  35.
 -45.
 -90.
  42.
  309.
  499.
  411.
  61.
 -321.
 -493.
 -383.
 -99.
  153.
  208.
  70.
 -89.
 -85.
  96.
  285.
  297.
  105.
 -135.
 -233.
 -135.
  57.
  193.
  169.
  13.
 -129.
 -154.
 -107.
 -84.
 -84.
 -28.
  82.
  147.
  124.
  67.
  15.
 -50.
 -140.
 -201.
 -173.
 -80.
  7.
  60.
  125.
  236.
  329.
  301.
  130.
 -125.
 -346.
 -379.
 -166.
  147.
  313.
  227.
  1.
 -181.
 -231.
 -163.
 -38.
  53.
  60.
  42.
  99.
  216.
  276.
  225.
  118.
  5.
 -136.
 -298.
 -406.
 -398.
 -294.
 -157.
 -11.
  151.
  308.
  394.
  352.
  197.
  31.
 -46.
 -39.
 -30.
 -71.
 -136.
 -166.
 -131.
 -27.
  110.
  177.
  85.
 -109.
 -247.
 -219.
 -65.
  85.
  139.
  101.
  34.
  1.
  37.
  120.
  199.
  215.
  144.
  22.
 -84.
 -146.
 -184.
 -219.
 -229.
 -168.
 -40.
  92.
  158.
  142.
  90.
  42.
  14.
  15.
  51.
  95.
  109.
  87.
  38.
 -44.
 -154.
 -252.
 -298.
 -261.
 -124.
  72.
  242.
  330.
  327.
  235.
  71.
 -106.
 -223.
 -210.
 -48.
  170.
  280.
  195.
 -30.
 -262.
 -370.
 -285.
 -49.
  202.
  334.
  296.
  132.
 -68.
 -217.
 -252.
 -172.
 -46.
  41.
  51.
  22.
  37.
  123.
  191.
  147.
  17.
 -95.
 -121.
 -52.
  78.
  198.
  228.
  147.
 -3.
 -167.
 -279.
 -288.
 -189.
 -37.
  79.
  100.
  56.
  37.
  76.
  130.
  142.
  85.
 -31.
 -152.
 -219.
 -211.
 -133.
  7.
  170.
  273.
  251.
  126.
 -12.
 -84.
 -66.
  0.
  43.
  16.
 -66.
 -137.
 -142.
 -76.
  7.
  52.
  38.
 -7.
 -33.
 -3.
  80.
  167.
  196.
  143.
  35.
 -65.
 -121.
 -143.
 -150.
 -153.
 -149.
 -124.
 -50.
  55.
  127.
  125.
  79.
  50.
  58.
  69.
  56.
  31.
  17.
  29.
  60.
  71.
  29.
 -64.
 -157.
 -180.
 -103.
  18.
  88.
  65.
 -2.
 -24.
  35.
  136.
  203.
  174.
  65.
 -42.
 -81.
 -50.
  11.
  53.
  46.
