 Signal from MULPLT zoom s. trace mode
  Number of points: 165
  0.479237318
  0.410818338
  0.278385162
  0.0121679306
 -0.193610907
 -0.232812881
 -0.0543596745
  0.226414084
  0.0878806114
 -0.187808931
 -0.371127725
 -0.651975274
 -0.723694026
 -0.33408159
  0.325489521
  1.00362921
  1.23773575
  1.23330593
  1.04424429
  0.634282112
 -0.299156904
 -1.55412626
 -2.11324048
 -1.62725949
 -0.386740446
  0.288403958
 -0.330180347
 -1.42240298
 -2.2879529
 -1.87936318
 -0.313587427
  1.20950782
  1.76341462
  1.40064979
  0.91111064
  0.640848875
  0.621713161
  0.69454813
  1.16965568
  1.94172621
  2.43950129
  2.49947071
  2.47366476
  1.69242179
 -0.124969184
 -2.03283477
 -3.13645315
 -3.30191755
 -2.922786
 -2.65600896
 -2.1857965
 -1.12207198
  0.576084733
  1.83650851
  1.39233184
 -0.472433835
 -2.565166
 -3.65492725
 -3.42417526
 -2.1951611
 -0.388964057
  1.10431623
  1.87963426
  2.34045553
  2.64453363
  2.83342886
  3.00752068
  3.14784455
  3.22054482
  2.90186095
  1.96769357
  1.31128526
  0.986833036
  0.451901406
 -0.27795127
 -0.561940968
 -0.247070789
  0.78405726
  2.06897712
  2.92341661
  3.2025671
  2.91381955
  1.84367609
  0.41658181
 -0.869827986
 -1.82939875
 -2.5713923
 -3.18637776
 -4.14818907
 -5.56632042
 -7.26579475
 -8.63066864
 -9.13792992
 -8.54821587
 -7.13048267
 -5.06352806
 -2.85413337
 -0.993526995
  0.172876179
  0.876367986
  1.85922039
  2.93759346
  4.29318476
  5.76120186
  6.76624203
  7.53499985
  8.45294571
  9.3428669
  9.58954906
  8.96263885
  7.6649847
  5.9952383
  3.82563925
  0.972685456
 -2.2370522
 -4.67579079
 -5.57329416
 -4.74434948
 -2.53402925
  0.0283433497
  1.62295556
  1.60696507
  0.411844522
 -1.29170036
 -2.35497284
 -2.57169986
 -2.80879593
 -3.75145364
 -5.31425762
 -6.58205318
 -7.21990967
 -7.0571022
 -5.98768425
 -4.69153261
 -3.54704738
 -2.6669383
 -2.26749468
 -2.09942007
 -2.11034536
 -2.05641747
 -0.967166722
  1.35275841
  4.55283022
  7.7601161
  10.0662003
  11.1701565
  10.9844608
  9.78917789
  7.8853426
  5.70797157
  3.83415961
  2.20405197
  0.800721049
 -0.500207663
 -1.35740948
 -1.77904165
 -2.14654207
 -2.57166624
 -3.27636218
 -3.84199286
 -4.13842583
 -4.48541546
 -4.97140789
 -5.27255917
 -4.97083139
