 Signal from MULPLT zoom s. trace mode
  Number of points: 266
 -124.
 -144.
 -125.
 -106.
 -111.
 -113.
 -96.
 -82.
 -83.
 -91.
 -97.
 -100.
 -113.
 -137.
 -143.
 -117.
 -89.
 -74.
 -63.
 -65.
 -95.
 -132.
 -142.
 -124.
 -102.
 -99.
 -117.
 -130.
 -116.
 -90.
 -83.
 -86.
 -80.
 -75.
 -88.
 -101.
 -97.
 -96.
 -121.
 -152.
 -153.
 -121.
 -85.
 -76.
 -95.
 -118.
 -125.
 -109.
 -80.
 -63.
 -83.
 -123.
 -145.
 -134.
 -110.
 -92.
 -80.
 -69.
 -71.
 -89.
 -105.
 -104.
 -99.
 -111.
 -132.
 -135.
 -114.
 -94.
 -90.
 -95.
 -100.
 -110.
 -124.
 -135.
 -135.
 -119.
 -90.
 -71.
 -74.
 -77.
 -61.
 -59.
 -93.
 -134.
 -141.
 -125.
 -124.
 -137.
 -130.
 -103.
 -83.
 -88.
 -108.
 -124.
 -123.
 -109.
 -89.
 -69.
 -56.
 -63.
 -96.
 -132.
 -140.
 -115.
 -81.
 -72.
 -93.
 -114.
 -119.
 -115.
 -109.
 -101.
 -97.
 -106.
 -120.
 -131.
 -136.
 -133.
 -118.
 -91.
 -57.
 -36.
 -49.
 -81.
 -98.
 -105.
 -127.
 -161.
 -167.
 -131.
 -90.
 -79.
 -89.
 -95.
 -82.
 -68.
 -76.
 -100.
 -120.
 -129.
 -131.
 -118.
 -92.
 -77.
 -84.
 -98.
 -112.
 -127.
 -143.
 -149.
 -129.
 -95.
 -76.
 -91.
 -121.
 -130.
 -112.
 -83.
 -44.
  11.
  52.
  42.
 -25.
 -120.
 -210.
 -289.
 -362.
 -415.
 -408.
 -310.
 -119.
  116.
  297.
  359.
  307.
  182.
  17.
 -145.
 -256.
 -306.
 -324.
 -332.
 -323.
 -300.
 -281.
 -253.
 -180.
 -57.
  67.
  117.
  76.
  6.
 -40.
 -59.
 -65.
 -51.
 -22.
 -15.
 -60.
 -144.
 -233.
 -281.
 -257.
 -175.
 -92.
 -52.
 -55.
 -78.
 -99.
 -118.
 -132.
 -133.
 -138.
 -158.
 -153.
 -82.
  13.
  35.
 -51.
 -166.
 -207.
 -160.
 -86.
 -33.
 -12.
 -20.
 -65.
 -135.
 -179.
 -158.
 -101.
 -71.
 -92.
 -147.
 -185.
 -170.
 -131.
 -111.
 -99.
 -64.
 -14.
  23.
  29.
 -20.
 -119.
 -207.
 -236.
 -222.
 -194.
 -163.
 -135.
 -103.
 -72.
 -55.
 -55.
 -59.
 -54.
 -36.
 -16.
 -19.
 -66.
 -150.
 -219.
 -216.
 -150.
 -103.
