 Signal from MULPLT zoom s. trace mode
  Number of points: 260
 -19.
 -14.
 -17.
 -25.
 -31.
 -32.
 -29.
 -29.
 -32.
 -34.
 -29.
 -17.
 -9.
 -13.
 -26.
 -37.
 -38.
 -30.
 -21.
 -20.
 -27.
 -30.
 -26.
 -21.
 -23.
 -29.
 -30.
 -25.
 -16.
 -12.
 -18.
 -28.
 -34.
 -31.
 -26.
 -23.
 -25.
 -30.
 -32.
 -29.
 -23.
 -21.
 -23.
 -26.
 -25.
 -19.
 -16.
 -21.
 -31.
 -42.
 -42.
 -31.
 -18.
 -13.
 -18.
 -24.
 -25.
 -22.
 -20.
 -23.
 -31.
 -39.
 -39.
 -31.
 -26.
 -25.
 -25.
 -20.
 -12.
 -12.
 -23.
 -30.
 -28.
 -25.
 -28.
 -32.
 -33.
 -27.
 -19.
 -18.
 -26.
 -35.
 -35.
 -30.
 -30.
 -33.
 -31.
 -15.
  3.
  2.
 -17.
 -36.
 -43.
 -36.
 -23.
 -16.
 -23.
 -36.
 -44.
 -41.
 -28.
 -15.
 -13.
 -21.
 -29.
 -27.
 -20.
 -15.
 -18.
 -31.
 -41.
 -38.
 -25.
 -14.
 -16.
 -28.
 -32.
 -22.
 -6.
  0.
 -16.
 -44.
 -58.
 -50.
 -34.
 -23.
 -19.
 -23.
 -30.
 -28.
 -18.
 -10.
 -9.
 -13.
 -23.
 -39.
 -48.
 -43.
 -30.
 -19.
 -17.
 -22.
 -30.
 -33.
 -29.
 -19.
 -11.
 -9.
 -18.
 -35.
 -53.
 -56.
 -40.
 -12.
  6.
  4.
 -19.
 -46.
 -53.
 -37.
 -17.
 -9.
 -16.
 -30.
 -33.
 -25.
 -21.
 -29.
 -38.
 -37.
 -28.
 -23.
 -24.
 -25.
 -20.
 -16.
 -17.
 -21.
 -26.
 -28.
 -27.
 -20.
 -14.
 -23.
 -40.
 -49.
 -40.
 -20.
 -10.
 -16.
 -26.
 -33.
 -35.
 -31.
 -28.
 -25.
 -15.
 -9.
 -17.
 -33.
 -41.
 -33.
 -15.
 -3.
 -10.
 -33.
 -57.
 -59.
 -31.
 -2.
 -2.
 -28.
 -48.
 -39.
 -18.
 -8.
 -11.
 -20.
 -34.
 -47.
 -52.
 -40.
 -15.
  1.
 -8.
 -30.
 -44.
 -41.
 -24.
 -9.
 -4.
 -12.
 -24.
 -28.
 -17.
 -12.
 -40.
 -76.
 -76.
 -47.
 -34.
 -38.
 -32.
 -27.
 -6.
  52.
  72.
  16.
 -33.
 -45.
 -76.
 -111.
 -82.
 -19.
  20.
  18.
 -19.
 -62.
 -88.
 -105.
